# JRE version: OpenJDK Runtime Environment (11.0.11+9) (build 11.0.11+9-b60-7590822)
# Java VM: OpenJDK 64-Bit Server VM (11.0.11+9-b60-7590822, mixed mode, tiered, compressed oops, g1 gc, windows-amd64)
Heap:
 garbage-first heap   total 741376K, used 177738K [0x0000000080000000, 0x0000000100000000)
  region size 1024K, 9 young (9216K), 9 survivors (9216K)
 Metaspace       used 112626K, capacity 115836K, committed 116132K, reserved 1150976K
  class space    used 14390K, capacity 15610K, committed 15692K, reserved 1048576K
GC Heap History (20 events):
Event: 49.709 GC heap after
{Heap after GC invocations=62 (full 0):
 garbage-first heap   total 226304K, used 149243K [0x0000000080000000, 0x0000000100000000)
  region size 1024K, 6 young (6144K), 6 survivors (6144K)
 Metaspace       used 106600K, capacity 109464K, committed 109732K, reserved 1144832K
  class space    used 13472K, capacity 14600K, committed 14668K, reserved 1048576K
}
Event: 49.741 GC heap before
{Heap before GC invocations=62 (full 0):
 garbage-first heap   total 226304K, used 185083K [0x0000000080000000, 0x0000000100000000)
  region size 1024K, 41 young (41984K), 6 survivors (6144K)
 Metaspace       used 106931K, capacity 109816K, committed 110116K, reserved 1144832K
  class space    used 13552K, capacity 14696K, committed 14796K, reserved 1048576K
}
Event: 49.753 GC heap after
{Heap after GC invocations=63 (full 0):
 garbage-first heap   total 226304K, used 155914K [0x0000000080000000, 0x0000000100000000)
  region size 1024K, 6 young (6144K), 6 survivors (6144K)
 Metaspace       used 106931K, capacity 109816K, committed 110116K, reserved 1144832K
  class space    used 13552K, capacity 14696K, committed 14796K, reserved 1048576K
}
Event: 49.799 GC heap before
{Heap before GC invocations=63 (full 0):
 garbage-first heap   total 226304K, used 187658K [0x0000000080000000, 0x0000000100000000)
  region size 1024K, 37 young (37888K), 6 survivors (6144K)
 Metaspace       used 107047K, capacity 109838K, committed 110372K, reserved 1144832K
  class space    used 13553K, capacity 14660K, committed 14796K, reserved 1048576K
}
Event: 49.806 GC heap after
{Heap after GC invocations=64 (full 0):
 garbage-first heap   total 226304K, used 161512K [0x0000000080000000, 0x0000000100000000)
  region size 1024K, 5 young (5120K), 5 survivors (5120K)
 Metaspace       used 107047K, capacity 109838K, committed 110372K, reserved 1144832K
  class space    used 13553K, capacity 14660K, committed 14796K, reserved 1048576K
}
Event: 49.835 GC heap before
{Heap before GC invocations=64 (full 0):
 garbage-first heap   total 226304K, used 190184K [0x0000000080000000, 0x0000000100000000)
  region size 1024K, 33 young (33792K), 5 survivors (5120K)
 Metaspace       used 107390K, capacity 110239K, committed 110628K, reserved 1144832K
  class space    used 13614K, capacity 14736K, committed 14796K, reserved 1048576K
}
Event: 49.844 GC heap after
{Heap after GC invocations=65 (full 0):
 garbage-first heap   total 226304K, used 167150K [0x0000000080000000, 0x0000000100000000)
  region size 1024K, 5 young (5120K), 5 survivors (5120K)
 Metaspace       used 107390K, capacity 110239K, committed 110628K, reserved 1144832K
  class space    used 13614K, capacity 14736K, committed 14796K, reserved 1048576K
}
Event: 49.879 GC heap before
{Heap before GC invocations=66 (full 0):
 garbage-first heap   total 226304K, used 191726K [0x0000000080000000, 0x0000000100000000)
  region size 1024K, 29 young (29696K), 5 survivors (5120K)
 Metaspace       used 108011K, capacity 110884K, committed 111012K, reserved 1144832K
  class space    used 13738K, capacity 14889K, committed 14924K, reserved 1048576K
}
Event: 49.886 GC heap after
{Heap after GC invocations=67 (full 0):
 garbage-first heap   total 226304K, used 171423K [0x0000000080000000, 0x0000000100000000)
  region size 1024K, 4 young (4096K), 4 survivors (4096K)
 Metaspace       used 108011K, capacity 110884K, committed 111012K, reserved 1144832K
  class space    used 13738K, capacity 14889K, committed 14924K, reserved 1048576K
}
Event: 49.900 GC heap before
{Heap before GC invocations=67 (full 0):
 garbage-first heap   total 226304K, used 178591K [0x0000000080000000, 0x0000000100000000)
  region size 1024K, 11 young (11264K), 4 survivors (4096K)
 Metaspace       used 108287K, capacity 111189K, committed 111396K, reserved 1146880K
  class space    used 13799K, capacity 14969K, committed 15052K, reserved 1048576K
}
Event: 49.905 GC heap after
{Heap after GC invocations=68 (full 0):
 garbage-first heap   total 226304K, used 169281K [0x0000000080000000, 0x0000000100000000)
  region size 1024K, 2 young (2048K), 2 survivors (2048K)
 Metaspace       used 108287K, capacity 111189K, committed 111396K, reserved 1146880K
  class space    used 13799K, capacity 14969K, committed 15052K, reserved 1048576K
}
Event: 49.960 GC heap before
{Heap before GC invocations=68 (full 0):
 garbage-first heap   total 226304K, used 191809K [0x0000000080000000, 0x0000000100000000)
  region size 1024K, 24 young (24576K), 2 survivors (2048K)
 Metaspace       used 109444K, capacity 112526K, committed 112676K, reserved 1146880K
  class space    used 14035K, capacity 15258K, committed 15308K, reserved 1048576K
}
Event: 49.970 GC heap after
{Heap after GC invocations=69 (full 0):
 garbage-first heap   total 407552K, used 172032K [0x0000000080000000, 0x0000000100000000)
  region size 1024K, 3 young (3072K), 3 survivors (3072K)
 Metaspace       used 109444K, capacity 112526K, committed 112676K, reserved 1146880K
  class space    used 14035K, capacity 15258K, committed 15308K, reserved 1048576K
}
Event: 50.229 GC heap before
{Heap before GC invocations=70 (full 0):
 garbage-first heap   total 407552K, used 271360K [0x0000000080000000, 0x0000000100000000)
  region size 1024K, 101 young (103424K), 3 survivors (3072K)
 Metaspace       used 110680K, capacity 113598K, committed 114468K, reserved 1148928K
  class space    used 14112K, capacity 15228K, committed 15564K, reserved 1048576K
}
Event: 50.235 GC heap after
{Heap after GC invocations=71 (full 0):
 garbage-first heap   total 407552K, used 173601K [0x0000000080000000, 0x0000000100000000)
  region size 1024K, 5 young (5120K), 5 survivors (5120K)
 Metaspace       used 110680K, capacity 113598K, committed 114468K, reserved 1148928K
  class space    used 14112K, capacity 15228K, committed 15564K, reserved 1048576K
}
Event: 50.414 GC heap before
{Heap before GC invocations=71 (full 0):
 garbage-first heap   total 407552K, used 284193K [0x0000000080000000, 0x0000000100000000)
  region size 1024K, 114 young (116736K), 5 survivors (5120K)
 Metaspace       used 111900K, capacity 114954K, committed 115364K, reserved 1148928K
  class space    used 14288K, capacity 15465K, committed 15692K, reserved 1048576K
}
Event: 50.421 GC heap after
{Heap after GC invocations=72 (full 0):
 garbage-first heap   total 407552K, used 174623K [0x0000000080000000, 0x0000000100000000)
  region size 1024K, 6 young (6144K), 6 survivors (6144K)
 Metaspace       used 111900K, capacity 114954K, committed 115364K, reserved 1148928K
  class space    used 14288K, capacity 15465K, committed 15692K, reserved 1048576K
}
Event: 50.600 GC heap before
{Heap before GC invocations=72 (full 0):
 garbage-first heap   total 407552K, used 304671K [0x0000000080000000, 0x0000000100000000)
  region size 1024K, 134 young (137216K), 6 survivors (6144K)
 Metaspace       used 112539K, capacity 115742K, committed 115876K, reserved 1148928K
  class space    used 14386K, capacity 15603K, committed 15692K, reserved 1048576K
}
Event: 50.609 GC heap after
{Heap after GC invocations=73 (full 0):
 garbage-first heap   total 407552K, used 175575K [0x0000000080000000, 0x0000000100000000)
  region size 1024K, 7 young (7168K), 7 survivors (7168K)
 Metaspace       used 112539K, capacity 115742K, committed 115876K, reserved 1148928K
  class space    used 14386K, capacity 15603K, committed 15692K, reserved 1048576K
}
Event: 50.909 GC heap before
{Heap before GC invocations=74 (full 0):
 garbage-first heap   total 407552K, used 324055K [0x0000000080000000, 0x0000000100000000)
  region size 1024K, 153 young (156672K), 7 survivors (7168K)
 Metaspace       used 112626K, capacity 115836K, committed 116132K, reserved 1150976K
  class space    used 14390K, capacity 15610K, committed 15692K, reserved 1048576K
}

